  Crypto.cpp
D:\Users\Johannes Waigel\Desktop\lib-c++\libtomcrypt\src\headers\tomcrypt_cfg.h(33): warning C4273: "malloc": Inkonsistente DLL-Bindung.
  C:\Program Files (x86)\Windows Kits\10\Include\10.0.16299.0\ucrt\corecrt_malloc.h(97): note: Siehe vorherige Definition von "malloc"
D:\Users\Johannes Waigel\Desktop\lib-c++\libtomcrypt\src\headers\tomcrypt_cfg.h(34): warning C4273: "realloc": Inkonsistente DLL-Bindung.
  C:\Program Files (x86)\Windows Kits\10\Include\10.0.16299.0\ucrt\corecrt_malloc.h(122): note: Siehe vorherige Definition von "realloc"
D:\Users\Johannes Waigel\Desktop\lib-c++\libtomcrypt\src\headers\tomcrypt_cfg.h(35): warning C4273: "calloc": Inkonsistente DLL-Bindung.
  C:\Program Files (x86)\Windows Kits\10\Include\10.0.16299.0\ucrt\corecrt_malloc.h(62): note: Siehe vorherige Definition von "calloc"
D:\Users\Johannes Waigel\Desktop\lib-c++\libtomcrypt\src\headers\tomcrypt_cfg.h(36): warning C4273: "free": Inkonsistente DLL-Bindung.
  C:\Program Files (x86)\Windows Kits\10\Include\10.0.16299.0\ucrt\corecrt_malloc.h(85): note: Siehe vorherige Definition von "free"
D:\Users\Johannes Waigel\Desktop\lib-c++\libtomcrypt\src\headers\tomcrypt_cfg.h(38): warning C4273: "qsort": Inkonsistente DLL-Bindung.
  C:\Program Files (x86)\Windows Kits\10\Include\10.0.16299.0\ucrt\corecrt_search.h(56): note: Siehe vorherige Definition von "qsort"
D:\Users\Johannes Waigel\Desktop\lib-c++\libtomcrypt\src\headers\tomcrypt_cfg.h(42): warning C4273: "clock": Inkonsistente DLL-Bindung.
  C:\Program Files (x86)\Windows Kits\10\Include\10.0.16299.0\ucrt\time.h(137): note: Siehe vorherige Definition von "clock"
D:\Users\Johannes Waigel\Desktop\lib-c++\libtommath\tommath.h(67): error C4235: Nicht dem Standard entsprechende Erweiterung: Das __int128-Schlüsselwort wird für diese Architektur nicht unterstützt.
Crypto.cpp(29): warning C4309: "Argument": Verkürzung eines konstanten Wertes
Crypto.cpp(55): warning C4309: "Argument": Verkürzung eines konstanten Wertes
Crypto.cpp(71): warning C4309: "Argument": Verkürzung eines konstanten Wertes
  main.cpp
  Packet.cpp
  PacketHandler.cpp
  Util.cpp
Util.cpp(10): warning C4244: "Initialisierung": Konvertierung von "double" in "int", möglicher Datenverlust
Util.cpp(20): warning C4244: "return": Konvertierung von "time_t" in "int", möglicher Datenverlust
